[debug] [2023-06-15T20:39:43.922Z] ----------------------------------------------------------------------
[debug] [2023-06-15T20:39:43.925Z] Command:       C:\Program Files\nodejs\node.exe C:\Users\amidg\AppData\Roaming\npm\node_modules\firebase-tools\lib\bin\firebase.js init
[debug] [2023-06-15T20:39:43.925Z] CLI Version:   12.4.0
[debug] [2023-06-15T20:39:43.926Z] Platform:      win32
[debug] [2023-06-15T20:39:43.926Z] Node Version:  v18.12.1
[debug] [2023-06-15T20:39:43.927Z] Time:          Thu Jun 15 2023 23:39:43 GMT+0300 (Москва, стандартное время)
[debug] [2023-06-15T20:39:43.927Z] ----------------------------------------------------------------------
[debug] 
[debug] [2023-06-15T20:39:43.936Z] > command requires scopes: ["email","openid","https://www.googleapis.com/auth/cloudplatformprojects.readonly","https://www.googleapis.com/auth/firebase","https://www.googleapis.com/auth/cloud-platform"]
[debug] [2023-06-15T20:39:43.937Z] > authorizing via signed-in user (amidgard@list.ru)
[info] 
     ######## #### ########  ######## ########     ###     ######  ########
     ##        ##  ##     ## ##       ##     ##  ##   ##  ##       ##
     ######    ##  ########  ######   ########  #########  ######  ######
     ##        ##  ##    ##  ##       ##     ## ##     ##       ## ##
     ##       #### ##     ## ######## ########  ##     ##  ######  ########

You're about to initialize a Firebase project in this directory:

  C:\Users\amidg\OneDrive\Рабочий стол\modsen

[info] 
=== Project Setup
[info] 
[info] First, let's associate this project directory with a Firebase project.
[info] You can create multiple project aliases by running firebase use --add, 
[info] but for now we'll just set up a default project.
[info] 
[info] i  If you want to create a project in a Google Cloud organization or folder, please use "firebase projects:create" instead, and return to this command when you've created the project. 
[debug] [2023-06-15T20:41:10.584Z] >>> [apiv2][query] POST https://cloudresourcemanager.googleapis.com/v1/projects [none]
[debug] [2023-06-15T20:41:10.584Z] >>> [apiv2][body] POST https://cloudresourcemanager.googleapis.com/v1/projects {"projectId":"traveler2222","name":"traveler"}
[debug] [2023-06-15T20:41:11.583Z] <<< [apiv2][status] POST https://cloudresourcemanager.googleapis.com/v1/projects 200
[debug] [2023-06-15T20:41:11.583Z] <<< [apiv2][body] POST https://cloudresourcemanager.googleapis.com/v1/projects {"name":"operations/cp.4876352131047015113"}
[debug] [2023-06-15T20:41:11.584Z] >>> [apiv2][query] GET https://cloudresourcemanager.googleapis.com/v1/operations/cp.4876352131047015113 [none]
[debug] [2023-06-15T20:41:12.443Z] <<< [apiv2][status] GET https://cloudresourcemanager.googleapis.com/v1/operations/cp.4876352131047015113 200
[debug] [2023-06-15T20:41:12.443Z] <<< [apiv2][body] GET https://cloudresourcemanager.googleapis.com/v1/operations/cp.4876352131047015113 {"name":"operations/cp.4876352131047015113"}
[debug] [2023-06-15T20:41:12.947Z] [Project Creation Poller] Retrying task index 0
[debug] [2023-06-15T20:41:12.947Z] >>> [apiv2][query] GET https://cloudresourcemanager.googleapis.com/v1/operations/cp.4876352131047015113 [none]
[debug] [2023-06-15T20:41:13.860Z] <<< [apiv2][status] GET https://cloudresourcemanager.googleapis.com/v1/operations/cp.4876352131047015113 200
[debug] [2023-06-15T20:41:13.860Z] <<< [apiv2][body] GET https://cloudresourcemanager.googleapis.com/v1/operations/cp.4876352131047015113 {"name":"operations/cp.4876352131047015113"}
[debug] [2023-06-15T20:41:14.869Z] [Project Creation Poller] Retrying task index 0
[debug] [2023-06-15T20:41:14.870Z] >>> [apiv2][query] GET https://cloudresourcemanager.googleapis.com/v1/operations/cp.4876352131047015113 [none]
[debug] [2023-06-15T20:41:15.735Z] <<< [apiv2][status] GET https://cloudresourcemanager.googleapis.com/v1/operations/cp.4876352131047015113 200
[debug] [2023-06-15T20:41:15.735Z] <<< [apiv2][body] GET https://cloudresourcemanager.googleapis.com/v1/operations/cp.4876352131047015113 {"name":"operations/cp.4876352131047015113","metadata":{"@type":"type.googleapis.com/google.cloudresourcemanager.v1.ProjectCreationStatus","gettable":true,"ready":true},"done":true,"response":{"@type":"type.googleapis.com/google.cloudresourcemanager.v1.Project","projectNumber":"78486634042","projectId":"traveler2222","lifecycleState":"ACTIVE","name":"traveler","createTime":"2023-06-15T20:41:15.214Z"}}
[debug] [2023-06-15T20:41:15.736Z] >>> [apiv2][query] POST https://firebase.googleapis.com/v1beta1/projects/traveler2222:addFirebase [none]
[debug] [2023-06-15T20:41:16.817Z] <<< [apiv2][status] POST https://firebase.googleapis.com/v1beta1/projects/traveler2222:addFirebase 403
[debug] [2023-06-15T20:41:16.817Z] <<< [apiv2][body] POST https://firebase.googleapis.com/v1beta1/projects/traveler2222:addFirebase {"error":{"code":403,"message":"The caller does not have permission","status":"PERMISSION_DENIED"}}
[debug] [2023-06-15T20:41:16.818Z] HTTP Error: 403, The caller does not have permission
[debug] [2023-06-15T20:41:16.943Z] FirebaseError: HTTP Error: 403, The caller does not have permission
    at responseToError (C:\Users\amidg\AppData\Roaming\npm\node_modules\firebase-tools\lib\responseToError.js:49:12)
    at RetryOperation._fn (C:\Users\amidg\AppData\Roaming\npm\node_modules\firebase-tools\lib\apiv2.js:288:77)
    at process.processTicksAndRejections (node:internal/process/task_queues:95:5)
[error] 
[error] Error: Failed to add Firebase to Google Cloud Platform project. See firebase-debug.log for more info.
